INFO	2024-01-24 16:56:06,138	0	org.example.Main	[main]	Attempting to add a hotel.aa, dsfsd, 3523.0
INFO	2024-01-24 16:56:12,640	6502	org.example.Main	[main]	Attempting to add a hotel.bb, fsfs, 7745.0
INFO	2024-01-24 16:56:15,038	8900	org.example.Main	[main]	List all hotels in the collection: [Hotel aa info:  features='dsfsd' | price per night=3523.0%n, Hotel bb info:  features='fsfs' | price per night=7745.0%n]
INFO	2024-01-25 09:27:46,825	0	org.example.Main	[main]	Attempting to add a hotel.aa, sfasf, 353.0
INFO	2024-01-25 09:27:51,645	4820	org.example.Main	[main]	List all hotels in the collection: [Hotel aa info:  features='sfasf' | price per night=353.0
]
INFO	2024-01-25 09:28:13,864	27039	org.example.Main	[main]	Attempting to add a hotel.bb, dsfs, 6745.0
INFO	2024-01-25 09:28:16,828	30003	org.example.Main	[main]	List all hotels in the collection: [Hotel aa info:  features='sfasf' | price per night=353.0
, Hotel bb info:  features='dsfs' | price per night=6745.0
]
INFO	2024-01-25 09:30:08,770	0	org.example.Main	[main]	Attempting to add a hotel.dd, 4dgs, 35234.0
INFO	2024-01-25 11:56:14,422	0	org.example.Main	[main]	Attempting to add a hotel.aa, asf, 2523.0
INFO	2024-01-25 13:37:06,701	0	org.example.Main	[main]	Attempting to add a hotel.dada, , 353.0
WARN	2024-01-25 13:37:06,703	2	org.example.Main	[main]	No features are provided: 
INFO	2024-01-25 13:39:54,023	0	org.example.Main	[main]	Attempting to add a hotel.11, 44, 23423.0
INFO	2024-01-25 13:40:07,649	13626	org.example.Main	[main]	Attempting to add a hotel.dd, dsf, 4252.0
INFO	2024-01-25 13:40:10,080	16057	org.example.Main	[main]	List all hotels in the collection: [
Hotel 11 info:  features='44' | price per night=23423.0, 
Hotel dd info:  features='dsf' | price per night=4252.0]
INFO	2024-01-25 14:59:13,015	0	org.example.Main	[main]	Attempting to add a hotel.asfsa, fas, 412.0
INFO	2024-01-25 14:59:19,813	6798	org.example.Main	[main]	Attempting to add a hotel.gsdgsd, sdgsd, 4353.0
INFO	2024-01-25 14:59:22,356	9341	org.example.Main	[main]	List all hotels in the collection: [
Hotel asfsa info:  features='fas' | price per night=412.0, 
Hotel gsdgsd info:  features='sdgsd' | price per night=4353.0]
INFO	2024-01-25 14:59:32,672	19657	org.example.Main	[main]	List all hotels in the collection: [
Hotel asfsa info:  features='fas' | price per night=412.0, 
Hotel gsdgsd info:  features='sdgsd' | price per night=4353.0]
INFO	2024-01-25 15:00:40,369	87354	org.example.Main	[main]	List all hotels in the collection: [
Hotel gsdgsd info:  features='sdgsd' | price per night=4353.0]
INFO	2024-01-25 15:01:44,008	0	org.example.Main	[main]	List all hotels in the collection: []
INFO	2024-01-25 15:01:52,508	8500	org.example.Main	[main]	Attempting to add a hotel.asa, asa, 242.0
INFO	2024-01-25 15:01:58,502	14494	org.example.Main	[main]	Attempting to add a hotel.etwet, gigyj, 45645.0
INFO	2024-01-25 15:02:01,040	17032	org.example.Main	[main]	List all hotels in the collection: [
Hotel asa info:  features='asa' | price per night=242.0, 
Hotel etwet info:  features='gigyj' | price per night=45645.0]
INFO	2024-01-25 15:02:16,796	32788	org.example.Main	[main]	List all hotels in the collection: [
Hotel asa info:  features='asa' | price per night=242.0, 
Hotel etwet info:  features='gigyj' | price per night=45645.0]
INFO	2024-01-25 15:09:24,770	0	org.example.Main	[main]	List all hotels in the collection: []
INFO	2024-01-25 15:19:27,194	0	org.example.Main	[main]	Attempting to add a hotel.sgsdghs, fhd, 634.0
INFO	2024-01-25 15:19:37,143	9949	org.example.Main	[main]	List of all hotels in the collection: [
Hotel sgsdghs info:  features='fhd' | price per night=634.0]
INFO	2024-01-25 15:24:35,170	0	org.example.Main	[main]	Attempting to add a hotel.hhfg, hdfh, 47.0
INFO	2024-01-25 15:27:41,679	0	org.example.Main	[main]	Attempting to add a hotel.hdfhfd, jgfj, 457.0
INFO	2024-01-25 15:28:08,500	0	org.example.Main	[main]	Attempting to add a hotel.gsd, fdh, 563.0
INFO	2024-01-25 15:30:56,982	0	org.example.Main	[main]	Attempting to add a hotel.fas, asa, 2342.0
INFO	2024-01-25 15:31:04,361	7379	org.example.Main	[main]	List of all hotels in the collection: [
Hotel fas info:  features='asa' | price per night=2342.0]
INFO	2024-01-25 15:31:38,595	41613	org.example.Main	[main]	List of all hotels in the collection: [
Hotel fas info:  features='asa' | price per night=2342.0]
INFO	2024-01-25 16:23:16,924	0	org.example.Main	[main]	Attempting to add a hotel.name, features, 0.0
WARN	2024-01-25 16:23:16,926	2	org.example.Main	[main]	Price cannnot be 0 or less, unless you're the owner :-) : 0.0
INFO	2024-01-25 16:23:16,928	4	org.example.Main	[main]	Attempting to add a hotel.name, features, 1.0
INFO	2024-01-25 16:23:16,931	7	org.example.Main	[main]	List of all hotels in the collection: [
Hotel name info:  features='features' | price per night=1.0]
INFO	2024-01-25 16:23:16,931	7	org.example.Main	[main]	List of all hotels in the collection: []
INFO	2024-01-25 16:27:57,053	0	org.example.Main	[main]	Attempting to add a hotel.afas, af, 0.0
WARN	2024-01-25 16:27:57,054	1	org.example.Main	[main]	Price cannnot be 0 or less, unless you're the owner :-) : 0.0
INFO	2024-01-25 16:39:25,054	0	org.example.Main	[main]	Attempting to add a hotel.name, features, 0.0
WARN	2024-01-25 16:39:25,056	2	org.example.Main	[main]	Price cannnot be 0 or less: 0.0
INFO	2024-01-25 16:39:25,065	11	org.example.Main	[main]	Attempting to add a hotel.name, features, 1.0
INFO	2024-01-25 16:39:25,067	13	org.example.Main	[main]	List of all hotels in the collection: [
Hotel name info:  features='features' | price per night=1.0]
INFO	2024-01-25 16:39:25,068	14	org.example.Main	[main]	List of all hotels in the collection: []
INFO	2024-01-25 16:47:43,619	0	org.example.Main	[main]	Attempting to add a hotel.name, features, 0.0
WARN	2024-01-25 16:47:43,620	1	org.example.Main	[main]	Price cannnot be 0 or less: 0.0
INFO	2024-01-25 16:47:43,622	3	org.example.Main	[main]	Attempting to add a hotel.name, features, 1.0
INFO	2024-01-25 16:47:43,624	5	org.example.Main	[main]	List of all hotels in the collection: [
Hotel name info:  features='features' | price per night=1.0]
INFO	2024-01-25 16:47:43,625	6	org.example.Main	[main]	List of all hotels in the collection: []
INFO	2024-01-25 16:55:50,668	0	org.example.Main	[main]	Attempting to add a hotel.name, features, 0.0
WARN	2024-01-25 16:55:50,670	2	org.example.Main	[main]	Price cannnot be 0 or less: 0.0
INFO	2024-01-25 16:55:50,670	2	org.example.Main	[main]	Caught HotelInfoException: Invalid price: 0 or less
INFO	2024-01-25 16:55:50,672	4	org.example.Main	[main]	Attempting to add a hotel.name, features, 1.0
INFO	2024-01-25 16:55:50,674	6	org.example.Main	[main]	List of all hotels in the collection: [
Hotel name info:  features='features' | price per night=1.0]
INFO	2024-01-25 16:55:50,675	7	org.example.Main	[main]	List of all hotels in the collection: []
INFO	2024-01-25 17:00:01,734	0	org.example.Main	[main]	Attempting to add a hotel.name, features, 0.0
WARN	2024-01-25 17:00:01,737	3	org.example.Main	[main]	Price cannnot be 0 or less: 0.0
INFO	2024-01-25 17:00:01,737	3	org.example.Main	[main]	Caught HotelInfoException: Invalid price: 0 or less
INFO	2024-01-25 17:00:01,739	5	org.example.Main	[main]	Attempting to add a hotel., , 1.0
WARN	2024-01-25 17:00:01,739	5	org.example.Main	[main]	Hotel name is missing: 
INFO	2024-01-25 17:00:01,748	14	org.example.Main	[main]	List of all hotels in the collection: []
INFO	2024-01-25 17:01:04,459	0	org.example.Main	[main]	Attempting to add a hotel., , 0.0
WARN	2024-01-25 17:01:04,461	2	org.example.Main	[main]	Price cannnot be 0 or less: 0.0
INFO	2024-01-25 17:01:04,462	3	org.example.Main	[main]	Caught HotelInfoException: Invalid price: 0 or less
INFO	2024-01-25 17:01:04,464	5	org.example.Main	[main]	Attempting to add a hotel.name, features, 1.0
INFO	2024-01-25 17:01:04,466	7	org.example.Main	[main]	List of all hotels in the collection: [
Hotel name info:  features='features' | price per night=1.0]
INFO	2024-01-25 17:01:04,466	7	org.example.Main	[main]	List of all hotels in the collection: []
INFO	2024-01-25 17:03:02,084	0	org.example.Main	[main]	Attempting to add a hotel., , 0.0
WARN	2024-01-25 17:03:02,086	2	org.example.Main	[main]	Price cannnot be 0 or less: 0.0
INFO	2024-01-25 17:03:02,086	2	org.example.Main	[main]	Caught HotelInfoException: Invalid price: 0 or less
INFO	2024-01-25 17:03:02,088	4	org.example.Main	[main]	Attempting to add a hotel.name, features, 1.0
INFO	2024-01-25 17:03:02,090	6	org.example.Main	[main]	List of all hotels in the collection: [
Hotel name info:  features='features' | price per night=1.0]
INFO	2024-01-25 17:03:02,090	6	org.example.Main	[main]	List of all hotels in the collection: []
INFO	2024-01-25 17:05:54,032	0	org.example.Main	[main]	Attempting to add a hotel., , 0.0
WARN	2024-01-25 17:05:54,033	1	org.example.Main	[main]	Price cannnot be 0 or less: 0.0
INFO	2024-01-25 17:05:54,034	2	org.example.Main	[main]	Caught HotelInfoException: Invalid price: 0 or less
INFO	2024-01-25 17:05:54,036	4	org.example.Main	[main]	Attempting to add a hotel.name, features, 1.0
INFO	2024-01-25 17:05:54,038	6	org.example.Main	[main]	List of all hotels in the collection: []
INFO	2024-01-25 17:07:10,993	0	org.example.Main	[main]	Attempting to add a hotel., , 0.0
WARN	2024-01-25 17:07:10,995	2	org.example.Main	[main]	Price cannnot be 0 or less: 0.0
INFO	2024-01-25 17:07:10,996	3	org.example.Main	[main]	Caught HotelInfoException: Invalid price: 0 or less
INFO	2024-01-25 17:07:10,997	4	org.example.Main	[main]	Attempting to add a hotel.name, features, 1.0
INFO	2024-01-25 17:07:10,999	6	org.example.Main	[main]	List of all hotels in the collection: []
INFO	2024-01-25 17:07:37,063	0	org.example.Main	[main]	Attempting to add a hotel., , 0.0
WARN	2024-01-25 17:07:37,064	1	org.example.Main	[main]	Price cannnot be 0 or less: 0.0
INFO	2024-01-25 17:07:37,065	2	org.example.Main	[main]	Caught HotelInfoException: Invalid price: 0 or less
INFO	2024-01-25 17:07:37,066	3	org.example.Main	[main]	Attempting to add a hotel.name, features, 1.0
INFO	2024-01-25 17:07:37,069	6	org.example.Main	[main]	List of all hotels in the collection: []
INFO	2024-01-25 17:40:05,752	0	org.example.Main	[main]	Caught CLIException: not a valid command
INFO	2024-01-25 17:40:05,765	13	org.example.Main	[main]	Attempting to add a hotel., , 0.0
WARN	2024-01-25 17:40:05,766	14	org.example.Main	[main]	Price cannnot be 0 or less: 0.0
INFO	2024-01-25 17:40:05,766	14	org.example.Main	[main]	Caught HotelInfoException: Invalid price: 0 or less
INFO	2024-01-25 17:40:05,767	15	org.example.Main	[main]	Attempting to add a hotel.name, features, 1.0
INFO	2024-01-25 17:40:05,770	18	org.example.Main	[main]	List of all hotels in the collection: []
INFO	2024-01-25 17:50:03,617	0	org.example.Main	[main]	Caught CLIException: not a valid command
INFO	2024-01-25 17:50:03,629	12	org.example.Main	[main]	Attempting to add a hotel., , 0.0
WARN	2024-01-25 17:50:03,630	13	org.example.Main	[main]	Price cannnot be 0 or less: 0.0
INFO	2024-01-25 17:50:03,630	13	org.example.Main	[main]	Caught HotelInfoException: Invalid price: 0 or less
INFO	2024-01-25 17:50:03,631	14	org.example.Main	[main]	Attempting to add a hotel.name, features, 1.0
INFO	2024-01-25 17:50:03,633	16	org.example.Main	[main]	List of all hotels in the collection: []
INFO	2024-01-26 09:49:52,852	0	org.example.Main	[main]	Caught CLIException: not a valid command
INFO	2024-01-26 09:49:52,867	15	org.example.Main	[main]	Attempting to add a hotel.hotel, features, 0.0
WARN	2024-01-26 09:49:52,868	16	org.example.Main	[main]	Price cannnot be 0 or less: 0.0
INFO	2024-01-26 09:49:52,868	16	org.example.Main	[main]	Caught HotelInfoException: Invalid price: 0 or less
INFO	2024-01-26 09:49:52,869	17	org.example.Main	[main]	Attempting to add a hotel.name, features, 1.0
INFO	2024-01-26 09:49:52,871	19	org.example.Main	[main]	List of all hotels in the collection: []
INFO	2024-01-26 09:49:52,872	20	org.example.Main	[main]	Attempting to add a hotel.name, , 2.0
WARN	2024-01-26 09:49:52,872	20	org.example.Main	[main]	No features are provided: 
INFO	2024-01-26 09:49:52,872	20	org.example.Main	[main]	Caught HotelInfoException: No features provided
INFO	2024-01-26 09:49:52,873	21	org.example.Main	[main]	Attempting to add a hotel., features, 1.0
WARN	2024-01-26 09:49:52,873	21	org.example.Main	[main]	Hotel name is missing: 
INFO	2024-01-26 09:49:52,873	21	org.example.Main	[main]	Caught HotelInfoException: Hotel name is blank
INFO	2024-01-26 10:40:52,804	0	org.example.Main	[main]	Attempting to add a hotel., , 0.0
WARN	2024-01-26 10:40:52,805	1	org.example.Main	[main]	Price cannnot be 0 or less: 0.0
